03.04.2023 - 01:23:22 - [TAB v3.3.2] Something just tried to add player ItzOverWolf into team EItzOverWolf (expected team: ?A)
03.04.2023 - 03:31:24 - [TAB v3.3.2] Something just tried to add player ItzOverWolf into team EItzOverWolf (expected team: ;A)
03.04.2023 - 17:06:15 - [TAB v3.3.2] Something just tried to add player ItzOverWolf into team EItzOverWolf (expected team: 1A)
04.04.2023 - 11:48:42 - [TAB v3.3.2] Something just tried to add player ItzOverWolf into team EItzOverWolf (expected team: 1A)
04.04.2023 - 11:51:42 - [TAB v3.3.2] Something just tried to add player ItzOverWolf into team EItzOverWolf (expected team: 1A)
04.04.2023 - 02:46:37 - [TAB v3.3.2] Something just tried to add player ItzOverWolf into team EItzOverWolf (expected team: 1A)
08.12.2024 - 03:33:34 - [TAB v5.0.2] Blocked attempt to add player redhat into team PVP-be3d9896af22 (expected team: 3redhatA)
08.12.2024 - 03:33:34 - [TAB v5.0.2] Blocked attempt to add player ExodusMNF into team PVP-c57eed1ccc5a (expected team: 6ExodusMNFA)
08.12.2024 - 03:55:21 - [TAB v5.0.2] Blocked attempt to add player redhat into team PVP-be3d9896af22 (expected team: 3redhatA)
08.12.2024 - 03:56:05 - [TAB v5.0.2] Blocked attempt to add player ExodusMNF into team PVP-c57eed1ccc5a (expected team: 6ExodusMNFA)
08.12.2024 - 03:56:05 - [TAB v5.0.2] Blocked attempt to add player redhat into team PVP-be3d9896af22 (expected team: 3redhatA)
08.12.2024 - 04:02:15 - [TAB v5.0.2] Blocked attempt to add player ExodusMNF into team PVP-c57eed1ccc5a (expected team: 6ExodusMNFA)
11.12.2024 - 08:17:14 - [TAB v5.0.2] Blocked attempt to add player Astrea0099 into team PVP-bae232b77d0c (expected team: 1Astrea0099A)
11.12.2024 - 08:17:14 - [TAB v5.0.2] Blocked attempt to add player temuulintheshark into team PVP-4c759492b5ce (expected team: 6temuulintheshaA)
11.12.2024 - 09:32:18 - [TAB v5.0.2] Blocked attempt to add player redhat into team PVP-be3d9896af22 (expected team: 3redhatA)
11.12.2024 - 09:32:18 - [TAB v5.0.2] Blocked attempt to add player ExodusMNF into team PVP-c57eed1ccc5a (expected team: 0ExodusMNFA)
11.12.2024 - 09:39:58 - [TAB v5.0.2] Blocked attempt to add player redhat into team PVP-be3d9896af22 (expected team: 3redhatA)
11.12.2024 - 09:39:58 - [TAB v5.0.2] Blocked attempt to add player ExodusMNF into team PVP-c57eed1ccc5a (expected team: 0ExodusMNFA)
11.12.2024 - 09:41:38 - [TAB v5.0.2] Blocked attempt to add player redhat into team PVP-be3d9896af22 (expected team: 3redhatA)
11.12.2024 - 09:41:38 - [TAB v5.0.2] Blocked attempt to add player ExodusMNF into team PVP-c57eed1ccc5a (expected team: 0ExodusMNFA)
11.12.2024 - 09:41:51 - [TAB v5.0.2] Blocked attempt to add player redhat into team PVP-be3d9896af22 (expected team: 3redhatA)
11.12.2024 - 09:43:17 - [TAB v5.0.2] Blocked attempt to add player ExodusMNF into team PVP-c57eed1ccc5a (expected team: 0ExodusMNFA)
11.12.2024 - 09:52:22 - [TAB v5.0.2] Blocked attempt to add player redhat into team PVP-be3d9896af22 (expected team: 3redhatA)
11.12.2024 - 09:52:22 - [TAB v5.0.2] Blocked attempt to add player ExodusMNF into team PVP-c57eed1ccc5a (expected team: 0ExodusMNFA)
11.12.2024 - 09:55:18 - [TAB v5.0.2] Blocked attempt to add player redhat into team PVP-be3d9896af22 (expected team: 3redhatA)
11.12.2024 - 09:55:18 - [TAB v5.0.2] Blocked attempt to add player ExodusMNF into team PVP-c57eed1ccc5a (expected team: 0ExodusMNFA)
11.12.2024 - 10:29:06 - [TAB v5.0.2] Blocked attempt to add player redhat into team PVP-be3d9896af22 (expected team: 3redhatA)
11.12.2024 - 10:29:06 - [TAB v5.0.2] Blocked attempt to add player ExodusMNF into team PVP-c57eed1ccc5a (expected team: 2ExodusMNFA)
11.12.2024 - 10:32:04 - [TAB v5.0.2] Blocked attempt to add player redhat into team PVP-be3d9896af22 (expected team: 3redhatA)
11.12.2024 - 10:32:04 - [TAB v5.0.2] Blocked attempt to add player ExodusMNF into team PVP-c57eed1ccc5a (expected team: 2ExodusMNFA)
11.12.2024 - 10:33:58 - [TAB v5.0.2] Blocked attempt to add player redhat into team PVP-be3d9896af22 (expected team: 3redhatA)
11.12.2024 - 10:33:58 - [TAB v5.0.2] Blocked attempt to add player ExodusMNF into team PVP-c57eed1ccc5a (expected team: 2ExodusMNFA)
11.12.2024 - 11:35:46 - [TAB v5.0.2] Blocked attempt to add player Astrea0099 into team PVP-bae232b77d0c (expected team: 6Astrea0099A)
11.12.2024 - 11:35:46 - [TAB v5.0.2] Blocked attempt to add player ExodusMNF into team PVP-c57eed1ccc5a (expected team: 0ExodusMNFA)
11.12.2024 - 11:40:05 - [TAB v5.0.2] Blocked attempt to add player Astrea0099 into team PVP-bae232b77d0c (expected team: 5Astrea0099A)
11.12.2024 - 11:41:25 - [TAB v5.0.2] Blocked attempt to add player ExodusMNF into team PVP-c57eed1ccc5a (expected team: 0ExodusMNFA)
11.12.2024 - 11:41:25 - [TAB v5.0.2] Blocked attempt to add player Astrea0099 into team PVP-bae232b77d0c (expected team: 5Astrea0099A)
11.12.2024 - 11:43:24 - [TAB v5.0.2] Blocked attempt to add player ExodusMNF into team PVP-c57eed1ccc5a (expected team: 0ExodusMNFA)
11.12.2024 - 11:44:08 - [TAB v5.0.2] Blocked attempt to add player Astrea0099 into team PVP-bae232b77d0c (expected team: 5Astrea0099A)
11.12.2024 - 11:44:08 - [TAB v5.0.2] Blocked attempt to add player ExodusMNF into team PVP-c57eed1ccc5a (expected team: 0ExodusMNFA)
11.12.2024 - 11:44:37 - [TAB v5.0.2] Blocked attempt to add player Astrea0099 into team PVP-bae232b77d0c (expected team: 5Astrea0099A)
11.12.2024 - 11:44:37 - [TAB v5.0.2] Blocked attempt to add player ExodusMNF into team PVP-c57eed1ccc5a (expected team: 0ExodusMNFA)
11.12.2024 - 11:45:07 - [TAB v5.0.2] Blocked attempt to add player Astrea0099 into team PVP-bae232b77d0c (expected team: 5Astrea0099A)
11.12.2024 - 11:45:32 - [TAB v5.0.2] Blocked attempt to add player ExodusMNF into team PVP-c57eed1ccc5a (expected team: 0ExodusMNFA)
11.12.2024 - 11:46:08 - [TAB v5.0.2] Blocked attempt to add player Astrea0099 into team PVP-bae232b77d0c (expected team: 5Astrea0099A)
11.12.2024 - 11:46:08 - [TAB v5.0.2] Blocked attempt to add player ExodusMNF into team PVP-c57eed1ccc5a (expected team: 0ExodusMNFA)
12.12.2024 - 08:12:06 - [TAB v5.0.2] Blocked attempt to add player amarbayasakh into team PVP-ba4ebd202292 (expected team: 5amarbayasakhA)
12.12.2024 - 08:12:06 - [TAB v5.0.2] Blocked attempt to add player Astrea0099 into team PVP-bae232b77d0c (expected team: 5Astrea0099A)
12.12.2024 - 08:12:33 - [TAB v5.0.2] Blocked attempt to add player amarbayasakh into team PVP-ba4ebd202292 (expected team: 5amarbayasakhA)
12.12.2024 - 08:12:33 - [TAB v5.0.2] Blocked attempt to add player Astrea0099 into team PVP-bae232b77d0c (expected team: 5Astrea0099A)
12.12.2024 - 08:14:57 - [TAB v5.0.2] Blocked attempt to add player amarbayasakh into team PVP-ba4ebd202292 (expected team: 5amarbayasakhA)
12.12.2024 - 08:14:57 - [TAB v5.0.2] Blocked attempt to add player Astrea0099 into team PVP-bae232b77d0c (expected team: 5Astrea0099A)
12.12.2024 - 08:15:18 - [TAB v5.0.2] Blocked attempt to add player amarbayasakh into team PVP-ba4ebd202292 (expected team: 5amarbayasakhA)
12.12.2024 - 08:15:18 - [TAB v5.0.2] Blocked attempt to add player Astrea0099 into team PVP-bae232b77d0c (expected team: 5Astrea0099A)
12.12.2024 - 08:16:49 - [TAB v5.0.2] Blocked attempt to add player amarbayasakh into team PVP-ba4ebd202292 (expected team: 5amarbayasakhA)
12.12.2024 - 08:16:49 - [TAB v5.0.2] Blocked attempt to add player Astrea0099 into team PVP-bae232b77d0c (expected team: 5Astrea0099A)
12.12.2024 - 08:19:19 - [TAB v5.0.2] Blocked attempt to add player amarbayasakh into team PVP-ba4ebd202292 (expected team: 5amarbayasakhA)
12.12.2024 - 08:19:19 - [TAB v5.0.2] Blocked attempt to add player Astrea0099 into team PVP-bae232b77d0c (expected team: 5Astrea0099A)
12.12.2024 - 08:27:32 - [TAB v5.0.2] Blocked attempt to add player amarbayasakh into team PVP-ba4ebd202292 (expected team: 5amarbayasakhA)
12.12.2024 - 08:27:32 - [TAB v5.0.2] Blocked attempt to add player Astrea0099 into team PVP-bae232b77d0c (expected team: 5Astrea0099A)
12.12.2024 - 08:27:45 - [TAB v5.0.2] Blocked attempt to add player amarbayasakh into team PVP-ba4ebd202292 (expected team: 5amarbayasakhA)
12.12.2024 - 08:27:45 - [TAB v5.0.2] Blocked attempt to add player Astrea0099 into team PVP-bae232b77d0c (expected team: 5Astrea0099A)
12.12.2024 - 08:28:03 - [TAB v5.0.2] Blocked attempt to add player amarbayasakh into team PVP-ba4ebd202292 (expected team: 5amarbayasakhA)
12.12.2024 - 08:28:03 - [TAB v5.0.2] Blocked attempt to add player Astrea0099 into team PVP-bae232b77d0c (expected team: 5Astrea0099A)
12.12.2024 - 08:30:40 - [TAB v5.0.2] Blocked attempt to add player amarbayasakh into team PVP-ba4ebd202292 (expected team: 5amarbayasakhA)
12.12.2024 - 08:30:40 - [TAB v5.0.2] Blocked attempt to add player Astrea0099 into team PVP-bae232b77d0c (expected team: 5Astrea0099A)
12.12.2024 - 08:41:22 - [TAB v5.0.2] Blocked attempt to add player ExodusMNF into team PVP-c57eed1ccc5a (expected team: 0ExodusMNFA)
12.12.2024 - 08:48:15 - [TAB v5.0.2] Blocked attempt to add player amarbayasakh into team PVP-ba4ebd202292 (expected team: 5amarbayasakhA)
12.12.2024 - 08:48:15 - [TAB v5.0.2] Blocked attempt to add player Astrea0099 into team PVP-bae232b77d0c (expected team: 5Astrea0099A)
12.12.2024 - 08:49:02 - [TAB v5.0.2] Blocked attempt to add player amarbayasakh into team PVP-ba4ebd202292 (expected team: 5amarbayasakhA)
12.12.2024 - 08:49:45 - [TAB v5.0.2] Blocked attempt to add player Astrea0099 into team PVP-bae232b77d0c (expected team: 5Astrea0099A)
12.12.2024 - 08:51:10 - [TAB v5.0.2] Blocked attempt to add player amarbayasakh into team PVP-ba4ebd202292 (expected team: 5amarbayasakhA)
12.12.2024 - 08:51:10 - [TAB v5.0.2] Blocked attempt to add player Astrea0099 into team PVP-bae232b77d0c (expected team: 5Astrea0099A)
12.12.2024 - 08:54:41 - [TAB v5.0.2] Blocked attempt to add player amarbayasakh into team PVP-ba4ebd202292 (expected team: 5amarbayasakhA)
12.12.2024 - 08:58:10 - [TAB v5.0.2] Blocked attempt to add player Astrea0099 into team PVP-bae232b77d0c (expected team: 5Astrea0099A)
12.12.2024 - 08:58:20 - [TAB v5.0.2] Blocked attempt to add player amarbayasakh into team PVP-ba4ebd202292 (expected team: 5amarbayasakhA)
12.12.2024 - 08:58:20 - [TAB v5.0.2] Blocked attempt to add player Astrea0099 into team PVP-bae232b77d0c (expected team: 5Astrea0099A)
13.12.2024 - 02:50:32 - [TAB v5.0.2] Blocked attempt to add player amarbayasakh into team PVP-ba4ebd202292 (expected team: 5amarbayasakhA)
13.12.2024 - 02:53:11 - [TAB v5.0.2] Blocked attempt to add player Astrea0099 into team PVP-bae232b77d0c (expected team: 5Astrea0099A)
13.12.2024 - 02:54:09 - [TAB v5.0.2] Blocked attempt to add player amarbayasakh into team PVP-ba4ebd202292 (expected team: 5amarbayasakhA)
13.12.2024 - 03:07:50 - [TAB v5.0.2] Blocked attempt to add player Astrea0099 into team PVP-bae232b77d0c (expected team: 5Astrea0099A)
13.12.2024 - 03:07:50 - [TAB v5.0.2] Blocked attempt to add player amarbayasakh into team PVP-ba4ebd202292 (expected team: 5amarbayasakhA)
13.12.2024 - 05:13:36 - [TAB v5.0.2] Blocked attempt to add player Justinhere0321 into team PVP-c3a6f1d8a3e5 (expected team: 6Justinhere0321A)
13.12.2024 - 05:13:36 - [TAB v5.0.2] Blocked attempt to add player muusuganiius into team PVP-3c489b23c394 (expected team: 6muusuganiiusA)
13.12.2024 - 05:52:02 - [TAB v5.0.2] Blocked attempt to add player Justinhere0321 into team PVP-c3a6f1d8a3e5 (expected team: 6Justinhere0321A)
13.12.2024 - 05:52:02 - [TAB v5.0.2] Blocked attempt to add player Astrea0099 into team PVP-bae232b77d0c (expected team: 3Astrea0099A)
13.12.2024 - 06:06:08 - [TAB v5.0.2] Blocked attempt to add player Justinhere0321 into team PVP-c3a6f1d8a3e5 (expected team: 6Justinhere0321A)
13.12.2024 - 06:06:08 - [TAB v5.0.2] Blocked attempt to add player Astrea0099 into team PVP-bae232b77d0c (expected team: 3Astrea0099A)
13.12.2024 - 12:55:15 - [TAB v5.0.2] Blocked attempt to add player ExodusMNF into team PVP-c57eed1ccc5a (expected team: 6ExodusMNFA)
13.12.2024 - 12:55:15 - [TAB v5.0.2] Blocked attempt to add player Astrea0099 into team PVP-bae232b77d0c (expected team: 3Astrea0099A)
