[01/12/2024 04:42:36] ExodusMNF won Revive Beacon. (ID: revive_beacon, Weight: 25.0) from Insane Crate (ID: insane)
[01/12/2024 04:42:37] ExodusMNF won Netherite Boots (ID: netherite_boots, Weight: 25.0) from Insane Crate (ID: insane)
[01/12/2024 04:42:38] ExodusMNF won Enchanted Golden Apple (ID: enchanted_golden_apple, Weight: 25.0) from Insane Crate (ID: insane)
[01/12/2024 04:42:39] ExodusMNF won Enchanted Book (ID: enchanted_book2, Weight: 25.0) from Insane Crate (ID: insane)
[01/12/2024 04:42:40] ExodusMNF won Netherite Chestplate (ID: netherite_chestplate, Weight: 25.0) from Insane Crate (ID: insane)
[01/12/2024 04:42:41] ExodusMNF won Enchanted Golden Apple (ID: enchanted_golden_apple, Weight: 25.0) from Insane Crate (ID: insane)
[01/12/2024 04:42:41] ExodusMNF won Enchanted Book (ID: enchanted_book2, Weight: 25.0) from Insane Crate (ID: insane)
[01/12/2024 04:42:41] ExodusMNF won Enchanted Golden Apple (ID: enchanted_golden_apple, Weight: 25.0) from Insane Crate (ID: insane)
[01/12/2024 04:42:42] ExodusMNF won Enchanted Book (ID: enchanted_book2, Weight: 25.0) from Insane Crate (ID: insane)
[01/12/2024 04:42:42] ExodusMNF won Enchanted Book (ID: enchanted_book4, Weight: 25.0) from Insane Crate (ID: insane)
[01/12/2024 04:42:43] ExodusMNF won Netherite Chestplate (ID: netherite_chestplate, Weight: 25.0) from Insane Crate (ID: insane)
[01/12/2024 04:42:43] ExodusMNF won Revive Beacon. (ID: revive_beacon, Weight: 25.0) from Insane Crate (ID: insane)
[01/12/2024 04:44:24] ExodusMNF won Diamond Leggings (ID: diamond_leggings, Weight: 25.0) from Wild Crate (ID: wild)
[01/12/2024 04:44:26] ExodusMNF won Diamond Leggings (ID: diamond_leggings, Weight: 25.0) from Wild Crate (ID: wild)
[01/12/2024 04:44:26] ExodusMNF won TNT (ID: tnt, Weight: 25.0) from Wild Crate (ID: wild)
[01/12/2024 04:44:26] ExodusMNF won TNT (ID: tnt, Weight: 25.0) from Wild Crate (ID: wild)
[01/12/2024 04:44:27] ExodusMNF won Tipped Arrow (ID: tipped_arrow, Weight: 25.0) from Wild Crate (ID: wild)
[01/12/2024 04:44:27] ExodusMNF won Diamond Shovel (ID: diamond_shovel, Weight: 25.0) from Wild Crate (ID: wild)
[01/12/2024 04:44:27] ExodusMNF won Diamond Axe (ID: diamond_axe, Weight: 25.0) from Wild Crate (ID: wild)
[01/12/2024 04:44:27] ExodusMNF won Diamond Sword (ID: diamond_sword, Weight: 25.0) from Wild Crate (ID: wild)
[01/12/2024 04:44:27] ExodusMNF won Diamond Leggings (ID: diamond_leggings, Weight: 25.0) from Wild Crate (ID: wild)
[01/12/2024 04:44:27] ExodusMNF won Bow (ID: bow, Weight: 25.0) from Wild Crate (ID: wild)
[01/12/2024 04:44:28] ExodusMNF won TNT (ID: tnt, Weight: 25.0) from Wild Crate (ID: wild)
[01/12/2024 04:44:28] ExodusMNF won TNT (ID: tnt, Weight: 25.0) from Wild Crate (ID: wild)
[08/12/2024 03:48:35] redhat won Diamond Pickaxe (ID: diamond_pickaxe, Weight: 25.0) from Vote Crate (ID: vote)
[08/12/2024 03:48:43] redhat won Spyglass (ID: spyglass, Weight: 25.0) from Vote Crate (ID: vote)
[08/12/2024 04:32:04] ExodusMNF won Netherite Pickaxe (ID: netherite_pickaxe, Weight: 25.0) from Insane Crate (ID: insane)
[08/12/2024 04:32:05] ExodusMNF won Enchanted Book (ID: enchanted_book3, Weight: 25.0) from Insane Crate (ID: insane)
[08/12/2024 04:32:05] ExodusMNF won Netherite Pickaxe (ID: netherite_pickaxe, Weight: 25.0) from Insane Crate (ID: insane)
[08/12/2024 04:32:06] ExodusMNF won Netherite Axe (ID: netherite_axe, Weight: 25.0) from Insane Crate (ID: insane)
[08/12/2024 04:32:06] ExodusMNF won Enchanted Book (ID: enchanted_book7, Weight: 25.0) from Insane Crate (ID: insane)
[08/12/2024 04:32:09] ExodusMNF won Netherite Axe (ID: netherite_axe, Weight: 25.0) from Insane Crate (ID: insane)
[08/12/2024 04:32:10] ExodusMNF won Netherite Axe (ID: netherite_axe, Weight: 25.0) from Insane Crate (ID: insane)
[08/12/2024 04:32:10] ExodusMNF won Netherite Shovel (ID: netherite_shovel, Weight: 25.0) from Insane Crate (ID: insane)
[08/12/2024 04:32:10] ExodusMNF won Enchanted Golden Apple (ID: enchanted_golden_apple, Weight: 25.0) from Insane Crate (ID: insane)
[08/12/2024 04:32:10] ExodusMNF won Netherite Chestplate (ID: netherite_chestplate, Weight: 25.0) from Insane Crate (ID: insane)
[08/12/2024 04:32:11] ExodusMNF won Enchanted Book (ID: enchanted_book5, Weight: 25.0) from Insane Crate (ID: insane)
[08/12/2024 04:32:11] ExodusMNF won Enchanted Book (ID: enchanted_book3, Weight: 25.0) from Insane Crate (ID: insane)
[11/12/2024 09:32:47] redhat won Netherite Shovel (ID: netherite_shovel, Weight: 25.0) from Insane Crate (ID: insane)
[11/12/2024 09:32:48] ExodusMNF won Netherite Helmet (ID: netherite_helmet, Weight: 25.0) from Insane Crate (ID: insane)
[11/12/2024 09:32:48] redhat won Enchanted Book (ID: enchanted_book5, Weight: 25.0) from Insane Crate (ID: insane)
[11/12/2024 09:32:52] ExodusMNF won Golden Carrot (ID: golden_carrot, Weight: 25.0) from Insane Crate (ID: insane)
[11/12/2024 09:33:01] ExodusMNF won Enchanted Book (ID: enchanted_book3, Weight: 25.0) from Insane Crate (ID: insane)
[11/12/2024 09:33:06] ExodusMNF won Netherite Helmet (ID: netherite_helmet, Weight: 25.0) from Insane Crate (ID: insane)
[11/12/2024 09:33:08] ExodusMNF won Enchanted Book (ID: enchanted_book3, Weight: 25.0) from Insane Crate (ID: insane)
[11/12/2024 09:33:10] ExodusMNF won Totem of Undying (ID: totem_of_undying, Weight: 25.0) from Insane Crate (ID: insane)
[11/12/2024 09:33:11] ExodusMNF won Enchanted Book (ID: enchanted_book5, Weight: 25.0) from Insane Crate (ID: insane)
[11/12/2024 09:33:13] ExodusMNF won Netherite Pickaxe (ID: netherite_pickaxe, Weight: 25.0) from Insane Crate (ID: insane)
[11/12/2024 09:33:14] ExodusMNF won Golden Carrot (ID: golden_carrot, Weight: 25.0) from Insane Crate (ID: insane)
[11/12/2024 09:33:16] ExodusMNF won Netherite Sword (ID: netherite_sword, Weight: 25.0) from Insane Crate (ID: insane)
[11/12/2024 09:33:39] redhat won Chainmail Helmet (ID: chainmail_helmet, Weight: 25.0) from Vote Crate (ID: vote)
[11/12/2024 11:30:05] Astrea0099 won Enchanted Golden Apple (ID: enchanted_golden_apple, Weight: 25.0) from Insane Crate (ID: insane)
[11/12/2024 11:30:09] Astrea0099 won Enchanted Book (ID: enchanted_book, Weight: 25.0) from Insane Crate (ID: insane)
[11/12/2024 11:30:11] Astrea0099 won Netherite Chestplate (ID: netherite_chestplate, Weight: 25.0) from Insane Crate (ID: insane)
[11/12/2024 11:30:15] Astrea0099 won Netherite Leggings (ID: netherite_leggings, Weight: 25.0) from Insane Crate (ID: insane)
[11/12/2024 11:30:15] Astrea0099 won Netherite Sword (ID: netherite_sword, Weight: 25.0) from Insane Crate (ID: insane)
[11/12/2024 11:30:15] Astrea0099 won Netherite Chestplate (ID: netherite_chestplate, Weight: 25.0) from Insane Crate (ID: insane)
[11/12/2024 11:30:15] Astrea0099 won Netherite Axe (ID: netherite_axe, Weight: 25.0) from Insane Crate (ID: insane)
[11/12/2024 11:30:15] Astrea0099 won Netherite Axe (ID: netherite_axe, Weight: 25.0) from Insane Crate (ID: insane)
[11/12/2024 11:30:15] Astrea0099 won Enchanted Book (ID: enchanted_book1, Weight: 25.0) from Insane Crate (ID: insane)
[11/12/2024 11:30:15] Astrea0099 won Revive Beacon. (ID: revive_beacon, Weight: 25.0) from Insane Crate (ID: insane)
[11/12/2024 11:30:15] Astrea0099 won Netherite Axe (ID: netherite_axe, Weight: 25.0) from Insane Crate (ID: insane)
[11/12/2024 11:30:16] Astrea0099 won Enchanted Book (ID: enchanted_book, Weight: 25.0) from Insane Crate (ID: insane)
[11/12/2024 11:31:28] Astrea0099 won End Crystal (ID: end_crystal, Weight: 25.0) from Wild Crate (ID: wild)
[11/12/2024 11:31:32] Astrea0099 won Diamond Leggings (ID: diamond_leggings, Weight: 25.0) from Wild Crate (ID: wild)
[11/12/2024 11:31:37] Astrea0099 won Tipped Arrow (ID: tipped_arrow, Weight: 25.0) from Wild Crate (ID: wild)
[12/12/2024 08:43:30] ExodusMNF won Golden Carrot (ID: golden_carrot, Weight: 25.0) from Insane Crate (ID: insane)
[12/12/2024 08:43:32] ExodusMNF won Golden Carrot (ID: golden_carrot, Weight: 25.0) from Insane Crate (ID: insane)
[12/12/2024 08:43:33] ExodusMNF won Netherite Chestplate (ID: netherite_chestplate, Weight: 25.0) from Insane Crate (ID: insane)
[12/12/2024 08:43:33] ExodusMNF won Netherite Boots (ID: netherite_boots, Weight: 25.0) from Insane Crate (ID: insane)
[12/12/2024 08:43:34] ExodusMNF won Revive Beacon. (ID: revive_beacon, Weight: 25.0) from Insane Crate (ID: insane)
[12/12/2024 08:43:40] ExodusMNF won Enchanted Book (ID: enchanted_book1, Weight: 25.0) from Insane Crate (ID: insane)
[12/12/2024 08:44:04] amarbayasakh won Netherite Leggings (ID: netherite_leggings, Weight: 25.0) from Insane Crate (ID: insane)
[12/12/2024 08:44:16] amarbayasakh won Netherite Axe (ID: netherite_axe, Weight: 25.0) from Insane Crate (ID: insane)
[12/12/2024 08:46:01] amarbayasakh won ❤ Extra heart. (ID: _extra_heart, Weight: 25.0) from Insane Crate (ID: insane)
[12/12/2024 08:46:06] amarbayasakh won Netherite Chestplate (ID: netherite_chestplate, Weight: 25.0) from Insane Crate (ID: insane)
[12/12/2024 08:46:09] amarbayasakh won Totem of Undying (ID: totem_of_undying, Weight: 25.0) from Insane Crate (ID: insane)
[12/12/2024 08:46:12] amarbayasakh won Enchanted Book (ID: enchanted_book1, Weight: 25.0) from Insane Crate (ID: insane)
[12/12/2024 09:57:06] redhat won ❤ Extra heart. (ID: _extra_heart, Weight: 25.0) from Vote Crate (ID: vote)
[13/12/2024 03:17:24] Astrea0099 won Spyglass (ID: spyglass, Weight: 25.0) from Vote Crate (ID: vote)
[13/12/2024 03:17:24] Astrea0099 won Chainmail Boots (ID: chainmail_boots, Weight: 25.0) from Vote Crate (ID: vote)
[13/12/2024 03:17:26] Astrea0099 won Iron Hoe (ID: iron_hoe, Weight: 25.0) from Vote Crate (ID: vote)
[13/12/2024 03:17:32] Astrea0099 won Diamond Boots (ID: diamond_boots, Weight: 25.0) from Wild Crate (ID: wild)
[13/12/2024 12:49:42] Astrea0099 won Netherite Helmet (ID: netherite_helmet, Weight: 25.0) from Insane Crate (ID: insane)
[13/12/2024 12:49:45] Astrea0099 won Netherite Chestplate (ID: netherite_chestplate, Weight: 25.0) from Insane Crate (ID: insane)
[13/12/2024 12:49:46] Astrea0099 won Netherite Chestplate (ID: netherite_chestplate, Weight: 25.0) from Insane Crate (ID: insane)
[13/12/2024 12:49:47] Astrea0099 won Enchanted Book (ID: enchanted_book, Weight: 25.0) from Insane Crate (ID: insane)
[13/12/2024 12:49:51] Astrea0099 won Enchanted Book (ID: enchanted_book3, Weight: 25.0) from Insane Crate (ID: insane)
[13/12/2024 12:51:04] Justin0321 won ❤ Extra heart. (ID: _extra_heart, Weight: 25.0) from Insane Crate (ID: insane)
[13/12/2024 12:51:11] Justin0321 won Enchanted Book (ID: enchanted_book6, Weight: 25.0) from Insane Crate (ID: insane)
[13/12/2024 12:51:14] Justin0321 won Enchanted Book (ID: enchanted_book2, Weight: 25.0) from Insane Crate (ID: insane)
[13/12/2024 12:51:15] Justin0321 won Netherite Helmet (ID: netherite_helmet, Weight: 25.0) from Insane Crate (ID: insane)
[13/12/2024 12:51:18] Justin0321 won Enchanted Book (ID: enchanted_book7, Weight: 25.0) from Insane Crate (ID: insane)
[13/12/2024 12:51:20] Justin0321 won Netherite Helmet (ID: netherite_helmet, Weight: 25.0) from Insane Crate (ID: insane)
[13/12/2024 12:51:23] Justin0321 won Enchanted Book (ID: enchanted_book7, Weight: 25.0) from Insane Crate (ID: insane)
